<?xml version="1.0" encoding="UTF-8"?>
<!-- Generated by org.testng.reporters.JUnitReportReporter -->
<testsuite hostname="DESKTOP-5NU9MOJ" failures="0" tests="3" name="practice_package.Day1Test" time="0.032" errors="0" timestamp="2023-01-18T11:48:23 IST" skipped="0">
  <testcase classname="practice_package.Day1Test" name="createAdmin" time="0.016"/>
  <system-out/>
  <testcase classname="practice_package.Day1Test" name="deleteAdmin" time="0.000"/>
  <system-out/>
  <testcase classname="practice_package.Day1Test" name="modifyAdmin" time="0.016"/>
  <system-out/>
</testsuite> <!-- practice_package.Day1Test -->
