<?xml version="1.0" encoding="UTF-8"?>
<!-- Generated by org.testng.reporters.JUnitReportReporter -->
<testsuite hostname="DESKTOP-5NU9MOJ" failures="0" tests="1" name="practice_package.BrokenLinkTest" time="31.587" errors="0" timestamp="2023-01-18T11:48:23 IST" skipped="0">
  <testcase classname="practice_package.BrokenLinkTest" name="getLink" time="31.587"/>
  <system-out/>
</testsuite> <!-- practice_package.BrokenLinkTest -->
